<?xml version="1.0" encoding="UTF-8"?>
<!-- Generated by org.testng.reporters.JUnitReportReporter -->
<testsuite hostname="a692fa5e9a46" failures="0" tests="20" name="com.fw.tests.flightreservation.FlightReservationTest" time="80.675" errors="0" timestamp="2024-05-06T14:05:36 GMT" skipped="0">
  <testcase classname="com.fw.tests.flightreservation.FlightReservationTest" name="flightsSearchTest" time="2.148"/>
  <testcase classname="com.fw.tests.flightreservation.FlightReservationTest" name="flightReservationConfirmationTest" time="2.977"/>
  <testcase classname="com.fw.tests.flightreservation.FlightReservationTest" name="flightReservationConfirmationTest" time="0.942"/>
  <testcase classname="com.fw.tests.flightreservation.FlightReservationTest" name="flightReservationConfirmationTest" time="1.643"/>
  <testcase classname="com.fw.tests.flightreservation.FlightReservationTest" name="userRegistrationTest" time="9.440"/>
  <testcase classname="com.fw.tests.flightreservation.FlightReservationTest" name="userRegistrationTest" time="9.122"/>
  <testcase classname="com.fw.tests.flightreservation.FlightReservationTest" name="flightsSelectionTest" time="3.145"/>
  <testcase classname="com.fw.tests.flightreservation.FlightReservationTest" name="flightsSelectionTest" time="4.320"/>
  <testcase classname="com.fw.tests.flightreservation.FlightReservationTest" name="flightReservationConfirmationTest" time="1.626"/>
  <testcase classname="com.fw.tests.flightreservation.FlightReservationTest" name="flightsSelectionTest" time="2.723"/>
  <testcase classname="com.fw.tests.flightreservation.FlightReservationTest" name="registrationConfirmationTest" time="1.804"/>
  <testcase classname="com.fw.tests.flightreservation.FlightReservationTest" name="flightsSearchTest" time="3.059"/>
  <testcase classname="com.fw.tests.flightreservation.FlightReservationTest" name="userRegistrationTest" time="9.439"/>
  <testcase classname="com.fw.tests.flightreservation.FlightReservationTest" name="flightsSearchTest" time="3.387"/>
  <testcase classname="com.fw.tests.flightreservation.FlightReservationTest" name="flightsSelectionTest" time="3.267"/>
  <testcase classname="com.fw.tests.flightreservation.FlightReservationTest" name="registrationConfirmationTest" time="4.130"/>
  <testcase classname="com.fw.tests.flightreservation.FlightReservationTest" name="registrationConfirmationTest" time="2.962"/>
  <testcase classname="com.fw.tests.flightreservation.FlightReservationTest" name="userRegistrationTest" time="9.638"/>
  <testcase classname="com.fw.tests.flightreservation.FlightReservationTest" name="flightsSearchTest" time="1.971"/>
  <testcase classname="com.fw.tests.flightreservation.FlightReservationTest" name="registrationConfirmationTest" time="2.932"/>
</testsuite> <!-- com.fw.tests.flightreservation.FlightReservationTest -->
