<?xml version="1.0" encoding="UTF-8"?>
<!-- Generated by org.testng.reporters.JUnitReportReporter -->
<testsuite hostname="09ff4885ac39" failures="0" tests="9" name="com.fw.tests.vendorportal.VendorPortalTest" time="36.485" errors="0" timestamp="2024-05-06T13:50:47 GMT" skipped="0">
  <testcase classname="com.fw.tests.vendorportal.VendorPortalTest" name="logoutTest" time="3.040"/>
  <testcase classname="com.fw.tests.vendorportal.VendorPortalTest" name="dashboardTest" time="4.863"/>
  <testcase classname="com.fw.tests.vendorportal.VendorPortalTest" name="dashboardTest" time="3.263"/>
  <testcase classname="com.fw.tests.vendorportal.VendorPortalTest" name="loginTest" time="4.645"/>
  <testcase classname="com.fw.tests.vendorportal.VendorPortalTest" name="loginTest" time="4.251"/>
  <testcase classname="com.fw.tests.vendorportal.VendorPortalTest" name="dashboardTest" time="5.754"/>
  <testcase classname="com.fw.tests.vendorportal.VendorPortalTest" name="logoutTest" time="3.712"/>
  <testcase classname="com.fw.tests.vendorportal.VendorPortalTest" name="logoutTest" time="2.453"/>
  <testcase classname="com.fw.tests.vendorportal.VendorPortalTest" name="loginTest" time="4.504"/>
</testsuite> <!-- com.fw.tests.vendorportal.VendorPortalTest -->
